<?xml version="1.0" encoding="UTF-8"?>
<!-- Generated by org.testng.reporters.JUnitReportReporter -->
<testsuite skipped="0" hostname="Maroof" name="example" tests="4" failures="0" timestamp="29 Sep 2018 14:25:35 GMT" time="0.044" errors="0">
  <testcase name="print" time="0.002" classname="example"/>
  <testcase name="print" time="0.002" classname="example"/>
  <testcase name="print" time="0.003" classname="example"/>
  <testcase name="print" time="0.037" classname="example"/>
</testsuite> <!-- example -->
